<?xml version="1.0" encoding="UTF-8"?>
<testng-results ignored="0" total="1" passed="0" failed="1" skipped="0">
  <reporter-output>
  </reporter-output>
  <suite started-at="2022-07-01T09:39:24 CEST" name="Default suite" finished-at="2022-07-01T09:39:31 CEST" duration-ms="7248">
    <groups>
    </groups>
    <test started-at="2022-07-01T09:39:24 CEST" name="Default test" finished-at="2022-07-01T09:39:31 CEST" duration-ms="7248">
      <class name="EpatronPOMavanzado.PrincipalTest">
        <test-method is-config="true" signature="beforeMethod()[pri:0, instance:EpatronPOMavanzado.PrincipalTest@57d7f8ca]" started-at="2022-07-01T09:39:24 CEST" name="beforeMethod" finished-at="2022-07-01T09:39:28 CEST" duration-ms="4125" status="PASS">
          <reporter-output>
          </reporter-output>
        </test-method> <!-- beforeMethod -->
        <test-method signature="buscarEnElBuscador()[pri:0, instance:EpatronPOMavanzado.PrincipalTest@57d7f8ca]" started-at="2022-07-01T09:39:28 CEST" name="buscarEnElBuscador" description="aceptamos las cookies, buscamos wikipedia y verifica el título" finished-at="2022-07-01T09:39:30 CEST" duration-ms="1896" status="FAIL">
          <exception class="org.opentest4j.AssertionFailedError">
            <message>
              <![CDATA[expected: <wikipedia - Buscar con GoogleE> but was: <wikipedia - Buscar con Google>]]>
            </message>
            <full-stacktrace>
              <![CDATA[org.opentest4j.AssertionFailedError: expected: <wikipedia - Buscar con GoogleE> but was: <wikipedia - Buscar con Google>
at org.junit.jupiter.api.AssertionUtils.fail(AssertionUtils.java:55)
at org.junit.jupiter.api.AssertionUtils.failNotEqual(AssertionUtils.java:62)
at org.junit.jupiter.api.AssertEquals.assertEquals(AssertEquals.java:182)
at org.junit.jupiter.api.AssertEquals.assertEquals(AssertEquals.java:177)
at org.junit.jupiter.api.Assertions.assertEquals(Assertions.java:1141)
at EpatronPOMavanzado.GooglePage.verificarTitulo(GooglePage.java:47)
at EpatronPOMavanzado.PrincipalTest.buscarEnElBuscador(PrincipalTest.java:33)
at java.base/jdk.internal.reflect.DirectMethodHandleAccessor.invoke(DirectMethodHandleAccessor.java:104)
at java.base/java.lang.reflect.Method.invoke(Method.java:577)
at org.testng.internal.invokers.MethodInvocationHelper.invokeMethod(MethodInvocationHelper.java:135)
at org.testng.internal.invokers.TestInvoker.invokeMethod(TestInvoker.java:673)
at org.testng.internal.invokers.TestInvoker.invokeTestMethod(TestInvoker.java:220)
at org.testng.internal.invokers.MethodRunner.runInSequence(MethodRunner.java:50)
at org.testng.internal.invokers.TestInvoker$MethodInvocationAgent.invoke(TestInvoker.java:945)
at org.testng.internal.invokers.TestInvoker.invokeTestMethods(TestInvoker.java:193)
at org.testng.internal.invokers.TestMethodWorker.invokeTestMethods(TestMethodWorker.java:146)
at org.testng.internal.invokers.TestMethodWorker.run(TestMethodWorker.java:128)
at java.base/java.util.ArrayList.forEach(ArrayList.java:1511)
at org.testng.TestRunner.privateRun(TestRunner.java:808)
at org.testng.TestRunner.run(TestRunner.java:603)
at org.testng.SuiteRunner.runTest(SuiteRunner.java:429)
at org.testng.SuiteRunner.runSequentially(SuiteRunner.java:423)
at org.testng.SuiteRunner.privateRun(SuiteRunner.java:383)
at org.testng.SuiteRunner.run(SuiteRunner.java:326)
at org.testng.SuiteRunnerWorker.runSuite(SuiteRunnerWorker.java:52)
at org.testng.SuiteRunnerWorker.run(SuiteRunnerWorker.java:95)
at org.testng.TestNG.runSuitesSequentially(TestNG.java:1249)
at org.testng.TestNG.runSuitesLocally(TestNG.java:1169)
at org.testng.TestNG.runSuites(TestNG.java:1092)
at org.testng.TestNG.run(TestNG.java:1060)
at org.testng.remote.AbstractRemoteTestNG.run(AbstractRemoteTestNG.java:115)
at org.testng.remote.RemoteTestNG.initAndRun(RemoteTestNG.java:251)
at org.testng.remote.RemoteTestNG.main(RemoteTestNG.java:77)
]]>
            </full-stacktrace>
          </exception> <!-- org.opentest4j.AssertionFailedError -->
          <reporter-output>
          </reporter-output>
        </test-method> <!-- buscarEnElBuscador -->
        <test-method is-config="true" signature="afterMethod(org.testng.ITestResult)[pri:0, instance:EpatronPOMavanzado.PrincipalTest@57d7f8ca]" started-at="2022-07-01T09:39:30 CEST" name="afterMethod" finished-at="2022-07-01T09:39:31 CEST" duration-ms="1175" status="PASS">
          <params>
            <param index="0">
              <value>
                <![CDATA[[TestResult name=buscarEnElBuscador status=FAILURE method=PrincipalTest.buscarEnElBuscador()[pri:0, instance:EpatronPOMavanzado.PrincipalTest@57d7f8ca] output={null}]]]>
              </value>
            </param>
          </params>
          <reporter-output>
          </reporter-output>
        </test-method> <!-- afterMethod -->
      </class> <!-- EpatronPOMavanzado.PrincipalTest -->
    </test> <!-- Default test -->
  </suite> <!-- Default suite -->
</testng-results>
